[2026-03-18 13:30:34.664] [INFO] [Logger] 日志服务已初始化
[2026-03-18 13:30:34.718] [INFO] [Logger] 日志文件路径: D:\Data\EXE\bin\Debug\net10.0-windows\logs\GamePrince_20260318.log
[2026-03-18 13:30:34.719] [INFO] [Logger] 日志级别: Debug
[2026-03-18 13:30:34.719] [INFO] [App] ========== GamePrince 启动 ==========
[2026-03-18 13:30:34.720] [INFO] [App] 版本: 1.0.0
[2026-03-18 13:30:34.721] [INFO] [App] 启动时间: 2026-03-18 13:30:34
[2026-03-18 13:30:34.721] [INFO] [App] .NET 版本: 10.0.3
[2026-03-18 13:30:34.721] [INFO] [App] 操作系统: Microsoft Windows NT 10.0.26200.0
[2026-03-18 13:30:34.757] [INFO] [App] 应用程序启动完成
[2026-03-18 13:30:35.029] [INFO] [DataService] 成功加载 11 个任务
[2026-03-18 13:30:35.032] [INFO] [DataService] 成功加载 2 个里程碑
[2026-03-18 13:30:35.034] [INFO] [DataService] 成功加载 2 个发布信息
[2026-03-18 13:30:53.312] [INFO] [GitService] 成功获取 50 条提交记录
[2026-03-18 13:30:53.624] [INFO] [GitService] 成功获取 2 个分支
[2026-03-18 13:30:53.706] [INFO] [GitService] 成功获取 150 条提交记录
[2026-03-18 13:30:56.172] [INFO] [GodotProjectService] 成功构建项目树: Polar
[2026-03-18 13:30:56.183] [INFO] [GodotProjectService] 检测到 Godot 项目: Polar
[2026-03-18 13:30:56.229] [INFO] [GodotProjectService] 资源统计完成: 总计 7597 个文件
[2026-03-18 13:31:06.156] [DEBUG] [DataService] 成功保存 2 个里程碑
[2026-03-18 13:31:11.797] [DEBUG] [DataService] 成功保存 2 个里程碑
[2026-03-18 13:31:39.655] [DEBUG] [DataService] 成功保存 11 个任务
[2026-03-18 13:31:43.573] [DEBUG] [DataService] 成功保存 11 个任务
[2026-03-18 13:31:46.891] [DEBUG] [DataService] 成功保存 11 个任务
[2026-03-18 13:31:50.510] [DEBUG] [DataService] 成功保存 11 个任务
[2026-03-18 13:31:53.842] [DEBUG] [DataService] 成功保存 11 个任务
[2026-03-18 13:31:57.384] [DEBUG] [DataService] 成功保存 11 个任务
[2026-03-18 13:32:11.876] [DEBUG] [DataService] 成功保存 11 个任务
[2026-03-18 13:32:12.777] [DEBUG] [DataService] 成功保存 11 个任务
[2026-03-18 13:32:14.008] [DEBUG] [DataService] 成功保存 11 个任务
[2026-03-18 13:32:18.162] [DEBUG] [DataService] 成功保存 11 个任务
[2026-03-18 13:32:18.881] [DEBUG] [DataService] 成功保存 11 个任务
[2026-03-18 13:32:23.066] [DEBUG] [DataService] 成功保存 11 个任务
[2026-03-18 13:32:26.212] [DEBUG] [DataService] 成功保存 11 个任务
[2026-03-18 13:32:34.789] [DEBUG] [DataService] 成功保存 11 个任务
[2026-03-18 13:32:36.973] [DEBUG] [DataService] 成功保存 11 个任务
[2026-03-18 13:32:52.541] [DEBUG] [GodotProjectService] 从缓存获取项目树
[2026-03-18 13:32:52.547] [INFO] [GodotProjectService] 检测到 Godot 项目: Polar
[2026-03-18 13:32:52.548] [DEBUG] [GodotProjectService] 从缓存获取资源统计
[2026-03-18 13:32:57.468] [INFO] [GodotProjectService] 成功获取 0 个插件
[2026-03-18 13:33:07.604] [DEBUG] [DataService] 成功保存 2 个发布信息
[2026-03-18 13:33:13.813] [DEBUG] [DataService] 成功保存 2 个发布信息
[2026-03-18 13:33:18.957] [INFO] [GodotProjectService] 成功获取 0 个插件
[2026-03-18 13:33:21.079] [INFO] [GitService] 成功获取 100 条提交记录
[2026-03-18 13:33:26.836] [DEBUG] [GodotProjectService] 从缓存获取项目树
[2026-03-18 13:33:26.842] [INFO] [GodotProjectService] 检测到 Godot 项目: Polar
[2026-03-18 13:33:26.843] [DEBUG] [GodotProjectService] 从缓存获取资源统计
[2026-03-18 13:33:28.702] [DEBUG] [GodotProjectService] 从缓存获取项目树
[2026-03-18 13:33:28.708] [INFO] [GodotProjectService] 检测到 Godot 项目: Polar
[2026-03-18 13:33:28.708] [DEBUG] [GodotProjectService] 从缓存获取资源统计
[2026-03-18 13:33:40.713] [INFO] [App] ========== GamePrince 退出 (ExitCode: 0) ==========
[2026-03-18 13:47:52.281] [INFO] [Logger] 日志服务已初始化
[2026-03-18 13:47:52.344] [INFO] [Logger] 日志文件路径: D:\Data\EXE\bin\Debug\net10.0-windows\logs\GamePrince_20260318.log
[2026-03-18 13:47:52.345] [INFO] [Logger] 日志级别: Debug
[2026-03-18 13:47:52.346] [INFO] [App] ========== GamePrince 启动 ==========
[2026-03-18 13:47:52.347] [INFO] [App] 版本: 1.0.0
[2026-03-18 13:47:52.347] [INFO] [App] 启动时间: 2026-03-18 13:47:52
[2026-03-18 13:47:52.348] [INFO] [App] .NET 版本: 10.0.3
[2026-03-18 13:47:52.348] [INFO] [App] 操作系统: Microsoft Windows NT 10.0.26200.0
[2026-03-18 13:47:52.392] [INFO] [App] 应用程序启动完成
[2026-03-18 13:47:52.739] [INFO] [DataService] 成功加载 11 个任务
[2026-03-18 13:47:52.743] [INFO] [DataService] 成功加载 2 个里程碑
[2026-03-18 13:47:52.747] [INFO] [DataService] 成功加载 2 个发布信息
[2026-03-18 13:48:02.448] [INFO] [GitService] 成功获取 50 条提交记录
[2026-03-18 13:48:02.736] [INFO] [GitService] 成功获取 2 个分支
[2026-03-18 13:48:02.809] [INFO] [GitService] 成功获取 150 条提交记录
[2026-03-18 13:48:17.419] [INFO] [GodotProjectService] 成功构建项目树: Polar
[2026-03-18 13:48:17.427] [INFO] [GodotProjectService] 检测到 Godot 项目: Polar
[2026-03-18 13:48:17.471] [INFO] [GodotProjectService] 资源统计完成: 总计 7597 个文件
[2026-03-18 13:48:19.880] [DEBUG] [GodotProjectService] 从缓存获取项目树
[2026-03-18 13:48:19.886] [INFO] [GodotProjectService] 检测到 Godot 项目: Polar
[2026-03-18 13:48:19.887] [DEBUG] [GodotProjectService] 从缓存获取资源统计
[2026-03-18 13:48:23.309] [INFO] [GitService] 成功获取 100 条提交记录
[2026-03-18 13:48:27.221] [INFO] [GodotProjectService] 成功获取 0 个插件
[2026-03-18 13:48:42.683] [DEBUG] [GodotProjectService] 从缓存获取项目树
[2026-03-18 13:48:42.691] [INFO] [GodotProjectService] 检测到 Godot 项目: Polar
[2026-03-18 13:48:42.691] [DEBUG] [GodotProjectService] 从缓存获取资源统计
[2026-03-18 13:48:45.912] [INFO] [GodotProjectService] 成功获取 0 个插件
[2026-03-18 13:48:51.221] [DEBUG] [GodotProjectService] 从缓存获取项目树
[2026-03-18 13:48:51.227] [INFO] [GodotProjectService] 检测到 Godot 项目: Polar
[2026-03-18 13:48:51.228] [DEBUG] [GodotProjectService] 从缓存获取资源统计
[2026-03-18 13:48:52.061] [DEBUG] [GitService] 从缓存获取提交历史
[2026-03-18 13:48:54.100] [INFO] [GodotProjectService] 成功获取 0 个插件
[2026-03-18 13:48:55.325] [DEBUG] [GitService] 从缓存获取提交历史
[2026-03-18 13:49:03.936] [DEBUG] [GodotProjectService] 从缓存获取项目树
[2026-03-18 13:49:03.941] [INFO] [GodotProjectService] 检测到 Godot 项目: Polar
[2026-03-18 13:49:03.942] [DEBUG] [GodotProjectService] 从缓存获取资源统计
[2026-03-18 13:49:05.766] [DEBUG] [GitService] 从缓存获取提交历史
[2026-03-18 13:49:06.402] [INFO] [GodotProjectService] 成功获取 0 个插件
[2026-03-18 13:49:07.716] [INFO] [App] ========== GamePrince 退出 (ExitCode: 0) ==========
[2026-03-18 13:58:59.986] [INFO] [Logger] 日志服务已初始化
[2026-03-18 13:59:00.043] [INFO] [Logger] 日志文件路径: D:\Data\EXE\bin\Debug\net10.0-windows\logs\GamePrince_20260318.log
[2026-03-18 13:59:00.044] [INFO] [Logger] 日志级别: Debug
[2026-03-18 13:59:00.044] [INFO] [App] ========== GamePrince 启动 ==========
[2026-03-18 13:59:00.044] [INFO] [App] 版本: 1.0.0
[2026-03-18 13:59:00.045] [INFO] [App] 启动时间: 2026-03-18 13:59:00
[2026-03-18 13:59:00.045] [INFO] [App] .NET 版本: 10.0.3
[2026-03-18 13:59:00.045] [INFO] [App] 操作系统: Microsoft Windows NT 10.0.26200.0
[2026-03-18 13:59:00.084] [INFO] [App] 应用程序启动完成
[2026-03-18 13:59:00.359] [INFO] [DataService] 成功加载 5 个任务
[2026-03-18 13:59:00.361] [INFO] [DataService] 成功加载 2 个里程碑
[2026-03-18 13:59:00.364] [INFO] [DataService] 成功加载 2 个发布信息
[2026-03-18 13:59:15.937] [DEBUG] [DataService] 成功保存 6 个任务
[2026-03-18 13:59:26.890] [DEBUG] [DataService] 成功保存 6 个任务
[2026-03-18 13:59:42.891] [DEBUG] [DataService] 成功保存 2 个里程碑
[2026-03-18 13:59:53.302] [WARNING] [GitService] 目录不是Git仓库: D:\Data\项目\Polar
[2026-03-18 13:59:53.651] [WARNING] [GitService] 目录不是Git仓库: D:\Data\项目\Polar
[2026-03-18 13:59:53.657] [WARNING] [GitService] 目录不是Git仓库: D:\Data\项目\Polar
[2026-03-18 13:59:56.288] [INFO] [GodotProjectService] 成功构建项目树: Polar
[2026-03-18 13:59:56.297] [DEBUG] [GodotProjectService] 目录不是 Godot 项目（未找到 project.godot）: D:\Data\项目\Polar
[2026-03-18 13:59:56.442] [INFO] [GodotProjectService] 资源统计完成: 总计 25307 个文件
[2026-03-18 14:00:04.900] [INFO] [GitService] 成功获取 50 条提交记录
[2026-03-18 14:00:05.179] [INFO] [GitService] 成功获取 2 个分支
[2026-03-18 14:00:05.252] [INFO] [GitService] 成功获取 150 条提交记录
[2026-03-18 14:00:08.414] [INFO] [GodotProjectService] 成功构建项目树: Polar
[2026-03-18 14:00:08.421] [INFO] [GodotProjectService] 检测到 Godot 项目: Polar
[2026-03-18 14:00:08.468] [INFO] [GodotProjectService] 资源统计完成: 总计 7597 个文件
[2026-03-18 14:00:09.758] [DEBUG] [GodotProjectService] 从缓存获取项目树
[2026-03-18 14:00:09.764] [INFO] [GodotProjectService] 检测到 Godot 项目: Polar
[2026-03-18 14:00:09.764] [DEBUG] [GodotProjectService] 从缓存获取资源统计
[2026-03-18 14:00:13.139] [INFO] [GitService] 成功获取 100 条提交记录
[2026-03-18 14:00:19.893] [INFO] [GodotProjectService] 成功获取 0 个插件
[2026-03-18 14:00:22.309] [DEBUG] [GodotProjectService] 从缓存获取项目树
[2026-03-18 14:00:22.317] [INFO] [GodotProjectService] 检测到 Godot 项目: Polar
[2026-03-18 14:00:22.317] [DEBUG] [GodotProjectService] 从缓存获取资源统计
[2026-03-18 14:00:23.790] [DEBUG] [GodotProjectService] 从缓存获取项目树
[2026-03-18 14:00:23.796] [INFO] [GodotProjectService] 检测到 Godot 项目: Polar
[2026-03-18 14:00:23.797] [DEBUG] [GodotProjectService] 从缓存获取资源统计
[2026-03-18 14:01:23.243] [DEBUG] [DataService] 成功保存 6 个任务
[2026-03-18 14:01:38.594] [DEBUG] [GodotProjectService] 从缓存获取项目树
[2026-03-18 14:01:38.600] [INFO] [GodotProjectService] 检测到 Godot 项目: Polar
[2026-03-18 14:01:38.601] [DEBUG] [GodotProjectService] 从缓存获取资源统计
[2026-03-18 14:01:42.508] [DEBUG] [GitService] 从缓存获取提交历史
[2026-03-18 14:01:43.627] [INFO] [GodotProjectService] 成功获取 0 个插件
[2026-03-18 14:01:44.777] [DEBUG] [GitService] 从缓存获取提交历史
[2026-03-18 14:01:47.588] [INFO] [GodotProjectService] 成功获取 0 个插件
[2026-03-18 14:01:49.843] [INFO] [GodotProjectService] 成功获取 0 个插件
[2026-03-18 14:01:50.938] [INFO] [App] ========== GamePrince 退出 (ExitCode: 0) ==========
[2026-03-18 14:33:42.192] [INFO] [Logger] 日志服务已初始化
[2026-03-18 14:33:42.257] [INFO] [Logger] 日志文件路径: D:\Data\EXE\bin\Debug\net10.0-windows\logs\GamePrince_20260318.log
[2026-03-18 14:33:42.258] [INFO] [Logger] 日志级别: Debug
[2026-03-18 14:33:42.260] [INFO] [App] ========== GamePrince 启动 ==========
[2026-03-18 14:33:42.260] [INFO] [App] 版本: 1.0.0
[2026-03-18 14:33:42.260] [INFO] [App] 启动时间: 2026-03-18 14:33:42
[2026-03-18 14:33:42.261] [INFO] [App] .NET 版本: 10.0.3
[2026-03-18 14:33:42.261] [INFO] [App] 操作系统: Microsoft Windows NT 10.0.26200.0
[2026-03-18 14:33:42.307] [INFO] [App] 应用程序启动完成
[2026-03-18 14:33:42.636] [INFO] [DataService] 成功加载 6 个任务
[2026-03-18 14:33:42.639] [INFO] [DataService] 成功加载 2 个里程碑
[2026-03-18 14:33:42.642] [INFO] [DataService] 成功加载 2 个发布信息
[2026-03-18 14:33:56.965] [INFO] [GitService] 成功获取 50 条提交记录
[2026-03-18 14:33:57.322] [INFO] [GitService] 成功获取 2 个分支
[2026-03-18 14:33:57.419] [INFO] [GitService] 成功获取 150 条提交记录
[2026-03-18 14:33:58.376] [INFO] [GitService] 成功获取 100 条提交记录
[2026-03-18 14:33:59.958] [INFO] [GodotProjectService] 成功获取 0 个插件
[2026-03-18 14:34:01.357] [INFO] [GodotProjectService] 成功构建项目树: Polar
[2026-03-18 14:34:01.365] [INFO] [GodotProjectService] 检测到 Godot 项目: Polar
[2026-03-18 14:34:01.422] [INFO] [GodotProjectService] 资源统计完成: 总计 7599 个文件
[2026-03-18 14:34:22.986] [DEBUG] [GodotProjectService] 从缓存获取项目树
[2026-03-18 14:34:22.992] [INFO] [GodotProjectService] 检测到 Godot 项目: Polar
[2026-03-18 14:34:22.993] [DEBUG] [GodotProjectService] 从缓存获取资源统计
[2026-03-18 14:34:46.197] [DEBUG] [GodotProjectService] 从缓存获取项目树
[2026-03-18 14:34:46.204] [INFO] [GodotProjectService] 检测到 Godot 项目: Polar
[2026-03-18 14:34:46.205] [DEBUG] [GodotProjectService] 从缓存获取资源统计
[2026-03-18 14:37:14.945] [DEBUG] [GitService] 从缓存获取提交历史
[2026-03-18 14:37:16.161] [INFO] [GodotProjectService] 成功获取 0 个插件
[2026-03-18 14:37:18.088] [INFO] [GodotProjectService] 成功获取 0 个插件
[2026-03-18 14:37:21.684] [DEBUG] [GitService] 从缓存获取提交历史
[2026-03-18 14:37:36.778] [DEBUG] [GodotProjectService] 从缓存获取项目树
[2026-03-18 14:37:36.793] [INFO] [GodotProjectService] 检测到 Godot 项目: Polar
[2026-03-18 14:37:36.793] [DEBUG] [GodotProjectService] 从缓存获取资源统计
[2026-03-18 14:37:38.914] [DEBUG] [GodotProjectService] 从缓存获取项目树
[2026-03-18 14:37:38.922] [INFO] [GodotProjectService] 检测到 Godot 项目: Polar
[2026-03-18 14:37:38.923] [DEBUG] [GodotProjectService] 从缓存获取资源统计
[2026-03-18 14:38:01.631] [DEBUG] [GodotProjectService] 从缓存获取项目树
[2026-03-18 14:38:01.639] [INFO] [GodotProjectService] 检测到 Godot 项目: Polar
[2026-03-18 14:38:01.640] [DEBUG] [GodotProjectService] 从缓存获取资源统计
[2026-03-18 14:38:16.927] [DEBUG] [GitService] 从缓存获取提交历史
[2026-03-18 14:38:29.148] [DEBUG] [GodotProjectService] 从缓存获取项目树
[2026-03-18 14:38:29.153] [INFO] [GodotProjectService] 检测到 Godot 项目: Polar
[2026-03-18 14:38:29.154] [DEBUG] [GodotProjectService] 从缓存获取资源统计
[2026-03-18 14:41:08.402] [INFO] [App] ========== GamePrince 退出 (ExitCode: 0) ==========
[2026-03-18 14:54:03.982] [INFO] [Logger] 日志服务已初始化
[2026-03-18 14:54:04.034] [INFO] [Logger] 日志文件路径: D:\Data\EXE\bin\Debug\net10.0-windows\logs\GamePrince_20260318.log
[2026-03-18 14:54:04.036] [INFO] [Logger] 日志级别: Debug
[2026-03-18 14:54:04.037] [INFO] [App] ========== GamePrince 启动 ==========
[2026-03-18 14:54:04.037] [INFO] [App] 版本: 1.0.0
[2026-03-18 14:54:04.038] [INFO] [App] 启动时间: 2026-03-18 14:54:04
[2026-03-18 14:54:04.038] [INFO] [App] .NET 版本: 10.0.3
[2026-03-18 14:54:04.039] [INFO] [App] 操作系统: Microsoft Windows NT 10.0.26200.0
[2026-03-18 14:54:04.074] [INFO] [App] 应用程序启动完成
[2026-03-18 14:54:04.342] [INFO] [DataService] 成功加载 6 个任务
[2026-03-18 14:54:04.344] [INFO] [DataService] 成功加载 2 个里程碑
[2026-03-18 14:54:04.347] [INFO] [DataService] 成功加载 2 个发布信息
[2026-03-18 14:54:11.172] [INFO] [GitService] 成功获取 50 条提交记录
[2026-03-18 14:54:11.475] [INFO] [GitService] 成功获取 2 个分支
[2026-03-18 14:54:11.553] [INFO] [GitService] 成功获取 150 条提交记录
[2026-03-18 14:54:13.089] [INFO] [GitService] 成功获取 84 天的代码行数数据
[2026-03-18 14:54:35.065] [INFO] [GodotProjectService] 成功构建项目树: Polar
[2026-03-18 14:54:35.077] [INFO] [GodotProjectService] 检测到 Godot 项目: Polar
[2026-03-18 14:54:35.145] [INFO] [GodotProjectService] 资源统计完成: 总计 7599 个文件
[2026-03-18 14:55:14.909] [INFO] [App] ========== GamePrince 退出 (ExitCode: 0) ==========
[2026-03-18 14:58:45.103] [INFO] [Logger] 日志服务已初始化
[2026-03-18 14:58:45.159] [INFO] [Logger] 日志文件路径: D:\Data\EXE\bin\Debug\net10.0-windows\logs\GamePrince_20260318.log
[2026-03-18 14:58:45.160] [INFO] [Logger] 日志级别: Debug
[2026-03-18 14:58:45.161] [INFO] [App] ========== GamePrince 启动 ==========
[2026-03-18 14:58:45.161] [INFO] [App] 版本: 1.0.0
[2026-03-18 14:58:45.161] [INFO] [App] 启动时间: 2026-03-18 14:58:45
[2026-03-18 14:58:45.162] [INFO] [App] .NET 版本: 10.0.3
[2026-03-18 14:58:45.162] [INFO] [App] 操作系统: Microsoft Windows NT 10.0.26200.0
[2026-03-18 14:58:45.197] [INFO] [App] 应用程序启动完成
[2026-03-18 14:58:45.467] [INFO] [DataService] 成功加载 6 个任务
[2026-03-18 14:58:45.469] [INFO] [DataService] 成功加载 2 个里程碑
[2026-03-18 14:58:45.471] [INFO] [DataService] 成功加载 2 个发布信息
[2026-03-18 14:58:54.924] [INFO] [GitService] 成功获取 50 条提交记录
[2026-03-18 14:58:55.232] [INFO] [GitService] 成功获取 2 个分支
[2026-03-18 14:58:55.314] [INFO] [GitService] 成功获取 150 条提交记录
[2026-03-18 14:58:56.799] [INFO] [GitService] 成功获取 84 天的代码行数数据
[2026-03-18 15:03:44.948] [INFO] [App] ========== GamePrince 退出 (ExitCode: 0) ==========
[2026-03-18 15:08:58.929] [INFO] [Logger] 日志服务已初始化
[2026-03-18 15:08:58.982] [INFO] [Logger] 日志文件路径: D:\Data\EXE\bin\Debug\net10.0-windows\logs\GamePrince_20260318.log
[2026-03-18 15:08:58.983] [INFO] [Logger] 日志级别: Debug
[2026-03-18 15:08:58.984] [INFO] [App] ========== GamePrince 启动 ==========
[2026-03-18 15:08:58.984] [INFO] [App] 版本: 1.0.0
[2026-03-18 15:08:58.984] [INFO] [App] 启动时间: 2026-03-18 15:08:58
[2026-03-18 15:08:58.985] [INFO] [App] .NET 版本: 10.0.3
[2026-03-18 15:08:58.985] [INFO] [App] 操作系统: Microsoft Windows NT 10.0.26200.0
[2026-03-18 15:08:59.023] [INFO] [App] 应用程序启动完成
[2026-03-18 15:08:59.304] [INFO] [DataService] 成功加载 6 个任务
[2026-03-18 15:08:59.307] [INFO] [DataService] 成功加载 2 个里程碑
[2026-03-18 15:08:59.309] [INFO] [DataService] 成功加载 2 个发布信息
[2026-03-18 15:09:04.516] [INFO] [GitService] 成功获取 50 条提交记录
[2026-03-18 15:09:04.802] [INFO] [GitService] 成功获取 2 个分支
[2026-03-18 15:09:04.879] [INFO] [GitService] 成功获取 150 条提交记录
[2026-03-18 15:09:06.322] [INFO] [GitService] 成功获取 84 天的代码行数数据
[2026-03-18 15:09:06.367] [INFO] [GodotProjectService] 成功构建项目树: Polar
[2026-03-18 15:09:06.386] [INFO] [GodotProjectService] 检测到 Godot 项目: Polar
[2026-03-18 15:09:06.432] [INFO] [GodotProjectService] 资源统计完成: 总计 7599 个文件
[2026-03-18 15:09:06.492] [DEBUG] [GodotProjectService] 从缓存获取项目树
[2026-03-18 15:09:06.509] [INFO] [GodotProjectService] 检测到 Godot 项目: Polar
[2026-03-18 15:09:06.509] [DEBUG] [GodotProjectService] 从缓存获取资源统计
[2026-03-18 15:12:40.881] [INFO] [App] ========== GamePrince 退出 (ExitCode: 0) ==========
[2026-03-18 16:32:21.669] [INFO] [Logger] 日志服务已初始化
[2026-03-18 16:32:21.721] [INFO] [Logger] 日志文件路径: D:\Data\EXE\bin\Debug\net10.0-windows\logs\GamePrince_20260318.log
[2026-03-18 16:32:21.722] [INFO] [Logger] 日志级别: Debug
[2026-03-18 16:32:21.723] [INFO] [App] ========== GamePrince 启动 ==========
[2026-03-18 16:32:21.723] [INFO] [App] 版本: 1.0.0
[2026-03-18 16:32:21.724] [INFO] [App] 启动时间: 2026-03-18 16:32:21
[2026-03-18 16:32:21.724] [INFO] [App] .NET 版本: 10.0.3
[2026-03-18 16:32:21.725] [INFO] [App] 操作系统: Microsoft Windows NT 10.0.26200.0
[2026-03-18 16:32:21.759] [INFO] [App] 应用程序启动完成
[2026-03-18 16:32:22.070] [INFO] [DataService] 成功加载 6 个任务
[2026-03-18 16:32:22.072] [INFO] [DataService] 成功加载 2 个里程碑
[2026-03-18 16:32:22.074] [INFO] [DataService] 成功加载 2 个发布信息
[2026-03-18 16:32:27.392] [INFO] [GitService] 成功获取 50 条提交记录
[2026-03-18 16:32:27.686] [INFO] [GitService] 成功获取 2 个分支
[2026-03-18 16:32:27.764] [INFO] [GitService] 成功获取 150 条提交记录
[2026-03-18 16:32:29.332] [INFO] [GitService] 成功获取 84 天的代码行数数据
[2026-03-18 16:32:39.016] [INFO] [GitService] 成功获取 1 个贡献者
[2026-03-18 16:32:44.888] [INFO] [GitService] 成功获取 0 个标签
[2026-03-18 16:32:47.216] [INFO] [GitService] 项目健康度: 良好 (60.0分)
[2026-03-18 16:33:04.818] [INFO] [GodotProjectService] 成功构建项目树: Polar
[2026-03-18 16:33:04.826] [INFO] [GodotProjectService] 检测到 Godot 项目: Polar
[2026-03-18 16:33:04.878] [INFO] [GodotProjectService] 资源统计完成: 总计 7601 个文件
[2026-03-18 16:33:05.850] [INFO] [GitService] 成功获取 100 条提交记录
[2026-03-18 16:33:06.458] [INFO] [GodotProjectService] 成功获取 0 个插件
[2026-03-18 16:33:13.898] [DEBUG] [GitService] 从缓存获取提交历史
[2026-03-18 16:33:16.558] [INFO] [GodotProjectService] 成功获取 0 个插件
[2026-03-18 16:33:17.907] [DEBUG] [GitService] 从缓存获取提交历史
[2026-03-18 16:33:26.499] [INFO] [GodotProjectService] 成功获取 0 个插件
[2026-03-18 16:33:29.600] [INFO] [GodotProjectService] 成功获取 0 个插件
[2026-03-18 16:33:30.186] [DEBUG] [GitService] 从缓存获取提交历史
[2026-03-18 16:34:39.126] [DEBUG] [GitService] 从缓存获取提交历史
[2026-03-18 16:34:43.401] [DEBUG] [GitService] 从缓存获取提交历史
[2026-03-18 16:34:44.202] [INFO] [GodotProjectService] 成功获取 0 个插件
[2026-03-18 16:34:49.147] [DEBUG] [GitService] 从缓存获取提交历史
[2026-03-18 16:34:51.107] [DEBUG] [GodotProjectService] 从缓存获取项目树
[2026-03-18 16:34:51.115] [INFO] [GodotProjectService] 检测到 Godot 项目: Polar
[2026-03-18 16:34:51.115] [DEBUG] [GodotProjectService] 从缓存获取资源统计
[2026-03-18 16:35:53.829] [INFO] [GodotProjectService] 成功获取 0 个插件
[2026-03-18 16:37:05.551] [DEBUG] [GitService] 从缓存获取提交历史
[2026-03-18 16:37:47.648] [INFO] [GitService] 成功获取 1 个贡献者
[2026-03-18 16:37:49.216] [INFO] [GitService] 成功获取 0 个标签
[2026-03-18 16:37:51.775] [INFO] [App] ========== GamePrince 退出 (ExitCode: 0) ==========
[2026-03-18 16:47:22.835] [INFO] [Logger] 日志服务已初始化
[2026-03-18 16:47:22.887] [INFO] [Logger] 日志文件路径: D:\Data\EXE\bin\Debug\net10.0-windows\logs\GamePrince_20260318.log
[2026-03-18 16:47:22.888] [INFO] [Logger] 日志级别: Debug
[2026-03-18 16:47:22.889] [INFO] [App] ========== GamePrince 启动 ==========
[2026-03-18 16:47:22.889] [INFO] [App] 版本: 1.0.0
[2026-03-18 16:47:22.890] [INFO] [App] 启动时间: 2026-03-18 16:47:22
[2026-03-18 16:47:22.890] [INFO] [App] .NET 版本: 10.0.3
[2026-03-18 16:47:22.890] [INFO] [App] 操作系统: Microsoft Windows NT 10.0.26200.0
[2026-03-18 16:47:22.926] [INFO] [App] 应用程序启动完成
[2026-03-18 16:47:23.190] [INFO] [DataService] 成功加载 6 个任务
[2026-03-18 16:47:23.192] [INFO] [DataService] 成功加载 2 个里程碑
[2026-03-18 16:47:23.196] [INFO] [DataService] 成功加载 2 个发布信息
[2026-03-18 16:47:51.950] [WARNING] [GitService] 目录不是Git仓库: D:\Data\项目\Polar
[2026-03-18 16:47:52.093] [WARNING] [GitService] 目录不是Git仓库: D:\Data\项目\Polar
[2026-03-18 16:47:52.099] [WARNING] [GitService] 目录不是Git仓库: D:\Data\项目\Polar
[2026-03-18 16:47:52.104] [WARNING] [GitService] 目录不是Git仓库: D:\Data\项目\Polar
[2026-03-18 16:47:56.360] [INFO] [GitService] 成功获取 50 条提交记录
[2026-03-18 16:47:56.687] [INFO] [GitService] 成功获取 2 个分支
[2026-03-18 16:47:56.773] [INFO] [GitService] 成功获取 150 条提交记录
[2026-03-18 16:47:58.585] [INFO] [GitService] 成功获取 84 天的代码行数数据
[2026-03-18 16:48:02.771] [INFO] [GitService] 成功获取 0 个标签
[2026-03-18 16:48:05.104] [INFO] [GitService] 成功获取 1 个贡献者
[2026-03-18 16:48:05.229] [INFO] [GitService] 项目健康度: 良好 (60.0分)
[2026-03-18 16:48:48.098] [INFO] [GodotProjectService] 成功构建项目树: Polar
[2026-03-18 16:48:48.105] [INFO] [GodotProjectService] 检测到 Godot 项目: Polar
[2026-03-18 16:48:48.150] [INFO] [GodotProjectService] 资源统计完成: 总计 7601 个文件
[2026-03-18 16:48:49.825] [DEBUG] [GodotProjectService] 从缓存获取项目树
[2026-03-18 16:48:49.834] [INFO] [GodotProjectService] 检测到 Godot 项目: Polar
[2026-03-18 16:48:49.834] [DEBUG] [GodotProjectService] 从缓存获取资源统计
[2026-03-18 16:48:50.475] [INFO] [GodotProjectService] 成功获取 0 个插件
[2026-03-18 16:49:16.497] [DEBUG] [GodotProjectService] 从缓存获取项目树
[2026-03-18 16:49:16.511] [INFO] [GodotProjectService] 检测到 Godot 项目: Polar
[2026-03-18 16:49:16.512] [DEBUG] [GodotProjectService] 从缓存获取资源统计
[2026-03-18 16:49:18.488] [DEBUG] [GodotProjectService] 从缓存获取项目树
[2026-03-18 16:49:18.494] [INFO] [GodotProjectService] 检测到 Godot 项目: Polar
[2026-03-18 16:49:18.494] [DEBUG] [GodotProjectService] 从缓存获取资源统计
[2026-03-18 16:49:19.866] [INFO] [GodotProjectService] 成功获取 0 个插件
[2026-03-18 16:49:22.745] [INFO] [GitService] 成功获取 100 条提交记录
[2026-03-18 16:51:43.383] [INFO] [App] ========== GamePrince 退出 (ExitCode: 0) ==========
[2026-03-18 16:55:30.117] [INFO] [Logger] 日志服务已初始化
[2026-03-18 16:55:30.170] [INFO] [Logger] 日志文件路径: D:\Data\EXE\bin\Debug\net10.0-windows\logs\GamePrince_20260318.log
[2026-03-18 16:55:30.172] [INFO] [Logger] 日志级别: Debug
[2026-03-18 16:55:30.172] [INFO] [App] ========== GamePrince 启动 ==========
[2026-03-18 16:55:30.173] [INFO] [App] 版本: 1.0.0
[2026-03-18 16:55:30.173] [INFO] [App] 启动时间: 2026-03-18 16:55:30
[2026-03-18 16:55:30.174] [INFO] [App] .NET 版本: 10.0.3
[2026-03-18 16:55:30.174] [INFO] [App] 操作系统: Microsoft Windows NT 10.0.26200.0
[2026-03-18 16:55:30.211] [INFO] [App] 应用程序启动完成
[2026-03-18 16:55:30.481] [INFO] [DataService] 成功加载 6 个任务
[2026-03-18 16:55:30.483] [INFO] [DataService] 成功加载 2 个里程碑
[2026-03-18 16:55:30.486] [INFO] [DataService] 成功加载 2 个发布信息
[2026-03-18 16:55:54.110] [INFO] [GitService] 成功获取 50 条提交记录
[2026-03-18 16:55:54.403] [INFO] [GitService] 成功获取 2 个分支
[2026-03-18 16:55:54.481] [INFO] [GitService] 成功获取 150 条提交记录
[2026-03-18 16:55:56.176] [INFO] [GitService] 成功获取 84 天的代码行数数据
[2026-03-18 16:56:00.686] [INFO] [GitService] 成功获取 0 个标签
[2026-03-18 16:56:02.890] [INFO] [GitService] 成功获取 1 个贡献者
[2026-03-18 16:56:04.297] [INFO] [GitService] 项目健康度: 良好 (60.0分)
[2026-03-18 16:56:54.193] [INFO] [GitService] 成功获取 100 条提交记录
[2026-03-18 16:57:30.964] [DEBUG] [GitService] 从缓存获取提交历史
[2026-03-18 16:57:41.951] [INFO] [App] ========== GamePrince 退出 (ExitCode: 0) ==========
